

Processing ApplicationController#index (for 127.0.0.1 at 2008-03-18 16:03:26) [GET]
  Session ID: BAh7CToMY3NyZl9pZCIlMWRlY2IwNGE1M2YyNTFkMmU2YzE1MTRlM2FkNWFj%0AOTU6DnJldHVybl90bzA6CXVzZXJpBBmhCD0iCmZsYXNoSUM6J0FjdGlvbkNv%0AbnRyb2xsZXI6OkZsYXNoOjpGbGFzaEhhc2h7AAY6CkB1c2VkewA%3D--bc5365989ecd163422d731d66a885ae49af4c039
  Parameters: {}


ActionController::RoutingError (No route matches "/laika/patient_data/1617349837" with {:method=>:get}):
    /usr/lib/ruby/gems/1.8/gems/actionpack-2.0.2/lib/action_controller/routing.rb:1441:in `recognize_path'
    /usr/lib/ruby/gems/1.8/gems/actionpack-2.0.2/lib/action_controller/routing.rb:1424:in `recognize'
    /usr/lib/ruby/gems/1.8/gems/actionpack-2.0.2/lib/action_controller/dispatcher.rb:170:in `handle_request'
    /usr/lib/ruby/gems/1.8/gems/actionpack-2.0.2/lib/action_controller/dispatcher.rb:115:in `dispatch'
    /usr/lib/ruby/gems/1.8/gems/actionpack-2.0.2/lib/action_controller/dispatcher.rb:126:in `dispatch_cgi'
    /usr/lib/ruby/gems/1.8/gems/actionpack-2.0.2/lib/action_controller/dispatcher.rb:9:in `dispatch'
    /usr/lib/ruby/gems/1.8/gems/mongrel-1.1.1/bin/../lib/mongrel/rails.rb:76:in `process'
    /usr/lib/ruby/gems/1.8/gems/mongrel-1.1.1/bin/../lib/mongrel/rails.rb:74:in `synchronize'
    /usr/lib/ruby/gems/1.8/gems/mongrel-1.1.1/bin/../lib/mongrel/rails.rb:74:in `process'
    /usr/lib/ruby/gems/1.8/gems/mongrel-1.1.1/lib/mongrel.rb:155:in `process_client'
    /usr/lib/ruby/gems/1.8/gems/mongrel-1.1.1/lib/mongrel.rb:154:in `each'
    /usr/lib/ruby/gems/1.8/gems/mongrel-1.1.1/lib/mongrel.rb:154:in `process_client'
    /usr/lib/ruby/gems/1.8/gems/mongrel-1.1.1/lib/mongrel.rb:281:in `run'
    /usr/lib/ruby/gems/1.8/gems/mongrel-1.1.1/lib/mongrel.rb:281:in `initialize'
    /usr/lib/ruby/gems/1.8/gems/mongrel-1.1.1/lib/mongrel.rb:281:in `new'
    /usr/lib/ruby/gems/1.8/gems/mongrel-1.1.1/lib/mongrel.rb:281:in `run'
    /usr/lib/ruby/gems/1.8/gems/mongrel-1.1.1/lib/mongrel.rb:264:in `initialize'
    /usr/lib/ruby/gems/1.8/gems/mongrel-1.1.1/lib/mongrel.rb:264:in `new'
    /usr/lib/ruby/gems/1.8/gems/mongrel-1.1.1/lib/mongrel.rb:264:in `run'
    /usr/lib/ruby/gems/1.8/gems/mongrel-1.1.1/lib/mongrel/configurator.rb:282:in `run'
    /usr/lib/ruby/gems/1.8/gems/mongrel-1.1.1/lib/mongrel/configurator.rb:281:in `each'
    /usr/lib/ruby/gems/1.8/gems/mongrel-1.1.1/lib/mongrel/configurator.rb:281:in `run'
    /usr/lib/ruby/gems/1.8/gems/mongrel-1.1.1/bin/mongrel_rails:128:in `run'
    /usr/lib/ruby/gems/1.8/gems/mongrel-1.1.1/lib/mongrel/command.rb:212:in `run'
    /usr/lib/ruby/gems/1.8/gems/mongrel-1.1.1/bin/mongrel_rails:281
    /usr/lib/ruby/gems/1.8/gems/activesupport-2.0.2/lib/active_support/dependencies.rb:489:in `load'
    /usr/lib/ruby/gems/1.8/gems/activesupport-2.0.2/lib/active_support/dependencies.rb:489:in `load'
    /usr/lib/ruby/gems/1.8/gems/activesupport-2.0.2/lib/active_support/dependencies.rb:342:in `new_constants_in'
    /usr/lib/ruby/gems/1.8/gems/activesupport-2.0.2/lib/active_support/dependencies.rb:489:in `load'
    /usr/lib/ruby/gems/1.8/gems/rails-2.0.2/lib/commands/servers/mongrel.rb:64
    /usr/local/lib/site_ruby/1.8/rubygems/custom_require.rb:27:in `gem_original_require'
    /usr/local/lib/site_ruby/1.8/rubygems/custom_require.rb:27:in `require'
    /usr/lib/ruby/gems/1.8/gems/activesupport-2.0.2/lib/active_support/dependencies.rb:496:in `require'
    /usr/lib/ruby/gems/1.8/gems/activesupport-2.0.2/lib/active_support/dependencies.rb:342:in `new_constants_in'
    /usr/lib/ruby/gems/1.8/gems/activesupport-2.0.2/lib/active_support/dependencies.rb:496:in `require'
    /usr/lib/ruby/gems/1.8/gems/rails-2.0.2/lib/commands/server.rb:39
    /usr/local/lib/site_ruby/1.8/rubygems/custom_require.rb:27:in `gem_original_require'
    /usr/local/lib/site_ruby/1.8/rubygems/custom_require.rb:27:in `require'
    script/server:3

Rendering /usr/lib/ruby/gems/1.8/gems/actionpack-2.0.2/lib/action_controller/templates/rescues/layout.erb (not_found)


Processing PatientDataController#show (for 127.0.0.1 at 2008-03-18 16:03:31) [GET]
  Session ID: BAh7CToMY3NyZl9pZCIlMWRlY2IwNGE1M2YyNTFkMmU2YzE1MTRlM2FkNWFj%0AOTU6CXVzZXJpBBmhCD06DnJldHVybl90bzAiCmZsYXNoSUM6J0FjdGlvbkNv%0AbnRyb2xsZXI6OkZsYXNoOjpGbGFzaEhhc2h7AAY6CkB1c2VkewA%3D--f491862f43fdd4447f769b1358c3c387a89df586
  Parameters: {"action"=>"show", "id"=>"1617349837", "controller"=>"patient_data"}


Processing PatientDataController#show (for 127.0.0.1 at 2008-03-18 16:03:31) [GET]
  Session ID: BAh7CToMY3NyZl9pZCIlMWRlY2IwNGE1M2YyNTFkMmU2YzE1MTRlM2FkNWFj%0AOTU6CXVzZXJpBBmhCD06DnJldHVybl90bzAiCmZsYXNoSUM6J0FjdGlvbkNv%0AbnRyb2xsZXI6OkZsYXNoOjpGbGFzaEhhc2h7AAY6CkB1c2VkewA%3D--f491862f43fdd4447f769b1358c3c387a89df586
  Parameters: {"action"=>"show", "id"=>"1617349837", "controller"=>"patient_data"}


Mysql::Error (Unknown database 'laika_production'):
    /usr/lib/ruby/gems/1.8/gems/activerecord-2.0.2/lib/active_record/connection_adapters/mysql_adapter.rb:471:in `real_connect'
    /usr/lib/ruby/gems/1.8/gems/activerecord-2.0.2/lib/active_record/connection_adapters/mysql_adapter.rb:471:in `connect'
    /usr/lib/ruby/gems/1.8/gems/activerecord-2.0.2/lib/active_record/connection_adapters/mysql_adapter.rb:165:in `initialize'
    /usr/lib/ruby/gems/1.8/gems/activerecord-2.0.2/lib/active_record/connection_adapters/mysql_adapter.rb:88:in `new'
    /usr/lib/ruby/gems/1.8/gems/activerecord-2.0.2/lib/active_record/connection_adapters/mysql_adapter.rb:88:in `mysql_connection'
    /usr/lib/ruby/gems/1.8/gems/activerecord-2.0.2/lib/active_record/connection_adapters/abstract/connection_specification.rb:291:in `send'
    /usr/lib/ruby/gems/1.8/gems/activerecord-2.0.2/lib/active_record/connection_adapters/abstract/connection_specification.rb:291:in `connection='
    /usr/lib/ruby/gems/1.8/gems/activerecord-2.0.2/lib/active_record/connection_adapters/abstract/connection_specification.rb:259:in `retrieve_connection'
    /usr/lib/ruby/gems/1.8/gems/activerecord-2.0.2/lib/active_record/connection_adapters/abstract/connection_specification.rb:78:in `connection'
    /usr/lib/ruby/gems/1.8/gems/activerecord-2.0.2/lib/active_record/query_cache.rb:8:in `cache'
    /usr/lib/ruby/gems/1.8/gems/actionpack-2.0.2/lib/action_controller/caching.rb:677:in `perform_action'
    /usr/lib/ruby/gems/1.8/gems/actionpack-2.0.2/lib/action_controller/base.rb:524:in `send'
    /usr/lib/ruby/gems/1.8/gems/actionpack-2.0.2/lib/action_controller/base.rb:524:in `process_without_filters'
    /usr/lib/ruby/gems/1.8/gems/actionpack-2.0.2/lib/action_controller/filters.rb:685:in `process_without_session_management_support'
    /usr/lib/ruby/gems/1.8/gems/actionpack-2.0.2/lib/action_controller/session_management.rb:123:in `process'
    /usr/lib/ruby/gems/1.8/gems/actionpack-2.0.2/lib/action_controller/base.rb:388:in `process'
    /usr/lib/ruby/gems/1.8/gems/actionpack-2.0.2/lib/action_controller/dispatcher.rb:171:in `handle_request'
    /usr/lib/ruby/gems/1.8/gems/actionpack-2.0.2/lib/action_controller/dispatcher.rb:115:in `dispatch'
    /usr/lib/ruby/gems/1.8/gems/actionpack-2.0.2/lib/action_controller/dispatcher.rb:126:in `dispatch_cgi'
    /usr/lib/ruby/gems/1.8/gems/actionpack-2.0.2/lib/action_controller/dispatcher.rb:9:in `dispatch'
    /usr/lib/ruby/gems/1.8/gems/mongrel-1.1.1/bin/../lib/mongrel/rails.rb:76:in `process'
    /usr/lib/ruby/gems/1.8/gems/mongrel-1.1.1/bin/../lib/mongrel/rails.rb:74:in `synchronize'
    /usr/lib/ruby/gems/1.8/gems/mongrel-1.1.1/bin/../lib/mongrel/rails.rb:74:in `process'
    /usr/lib/ruby/gems/1.8/gems/mongrel-1.1.1/lib/mongrel.rb:155:in `process_client'
    /usr/lib/ruby/gems/1.8/gems/mongrel-1.1.1/lib/mongrel.rb:154:in `each'
    /usr/lib/ruby/gems/1.8/gems/mongrel-1.1.1/lib/mongrel.rb:154:in `process_client'
    /usr/lib/ruby/gems/1.8/gems/mongrel-1.1.1/lib/mongrel.rb:281:in `run'
    /usr/lib/ruby/gems/1.8/gems/mongrel-1.1.1/lib/mongrel.rb:281:in `initialize'
    /usr/lib/ruby/gems/1.8/gems/mongrel-1.1.1/lib/mongrel.rb:281:in `new'
    /usr/lib/ruby/gems/1.8/gems/mongrel-1.1.1/lib/mongrel.rb:281:in `run'
    /usr/lib/ruby/gems/1.8/gems/mongrel-1.1.1/lib/mongrel.rb:264:in `initialize'
    /usr/lib/ruby/gems/1.8/gems/mongrel-1.1.1/lib/mongrel.rb:264:in `new'
    /usr/lib/ruby/gems/1.8/gems/mongrel-1.1.1/lib/mongrel.rb:264:in `run'
    /usr/lib/ruby/gems/1.8/gems/mongrel-1.1.1/lib/mongrel/configurator.rb:282:in `run'
    /usr/lib/ruby/gems/1.8/gems/mongrel-1.1.1/lib/mongrel/configurator.rb:281:in `each'
    /usr/lib/ruby/gems/1.8/gems/mongrel-1.1.1/lib/mongrel/configurator.rb:281:in `run'
    /usr/lib/ruby/gems/1.8/gems/mongrel-1.1.1/bin/mongrel_rails:128:in `run'
    /usr/lib/ruby/gems/1.8/gems/mongrel-1.1.1/lib/mongrel/command.rb:212:in `run'
    /usr/lib/ruby/gems/1.8/gems/mongrel-1.1.1/bin/mongrel_rails:281
    /usr/lib/ruby/gems/1.8/gems/activesupport-2.0.2/lib/active_support/dependencies.rb:489:in `load'
    /usr/lib/ruby/gems/1.8/gems/activesupport-2.0.2/lib/active_support/dependencies.rb:489:in `load'
    /usr/lib/ruby/gems/1.8/gems/activesupport-2.0.2/lib/active_support/dependencies.rb:342:in `new_constants_in'
    /usr/lib/ruby/gems/1.8/gems/activesupport-2.0.2/lib/active_support/dependencies.rb:489:in `load'
    /usr/lib/ruby/gems/1.8/gems/rails-2.0.2/lib/commands/servers/mongrel.rb:64
    /usr/local/lib/site_ruby/1.8/rubygems/custom_require.rb:27:in `gem_original_require'
    /usr/local/lib/site_ruby/1.8/rubygems/custom_require.rb:27:in `require'
    /usr/lib/ruby/gems/1.8/gems/activesupport-2.0.2/lib/active_support/dependencies.rb:496:in `require'
    /usr/lib/ruby/gems/1.8/gems/activesupport-2.0.2/lib/active_support/dependencies.rb:342:in `new_constants_in'
    /usr/lib/ruby/gems/1.8/gems/activesupport-2.0.2/lib/active_support/dependencies.rb:496:in `require'
    /usr/lib/ruby/gems/1.8/gems/rails-2.0.2/lib/commands/server.rb:39
    /usr/local/lib/site_ruby/1.8/rubygems/custom_require.rb:27:in `gem_original_require'
    /usr/local/lib/site_ruby/1.8/rubygems/custom_require.rb:27:in `require'
    script/server:3

Rendering /usr/lib/ruby/gems/1.8/gems/actionpack-2.0.2/lib/action_controller/templates/rescues/layout.erb (internal_server_error)


Processing PatientDataController#show (for 127.0.0.1 at 2008-03-18 16:04:12) [GET]
  Session ID: BAh7CToMY3NyZl9pZCIlMWRlY2IwNGE1M2YyNTFkMmU2YzE1MTRlM2FkNWFj%0AOTU6DnJldHVybl90bzA6CXVzZXJpBBmhCD0iCmZsYXNoSUM6J0FjdGlvbkNv%0AbnRyb2xsZXI6OkZsYXNoOjpGbGFzaEhhc2h7AAY6CkB1c2VkewA%3D--bc5365989ecd163422d731d66a885ae49af4c039
  Parameters: {"action"=>"show", "id"=>"1617349837", "controller"=>"patient_data"}
Rendering template within layouts/patient_data
Rendering patient_data/show
Completed in 0.37578 (2 reqs/sec) | Rendering: 0.34353 (91%) | DB: 0.00000 (0%) | 200 OK [http://localhost/patient_data/1617349837]


Processing ApplicationController#index (for 127.0.0.1 at 2008-03-18 16:04:14) [GET]
  Session ID: BAh7CToMY3NyZl9pZCIlMWRlY2IwNGE1M2YyNTFkMmU2YzE1MTRlM2FkNWFj%0AOTU6CXVzZXJpBBmhCD06DnJldHVybl90bzAiCmZsYXNoSUM6J0FjdGlvbkNv%0AbnRyb2xsZXI6OkZsYXNoOjpGbGFzaEhhc2h7AAY6CkB1c2VkewA%3D--f491862f43fdd4447f769b1358c3c387a89df586
  Parameters: {}


ActionController::RoutingError (No route matches "/javascripts/builder.js" with {:method=>:get}):
    /usr/lib/ruby/gems/1.8/gems/actionpack-2.0.2/lib/action_controller/routing.rb:1441:in `recognize_path'
    /usr/lib/ruby/gems/1.8/gems/actionpack-2.0.2/lib/action_controller/routing.rb:1424:in `recognize'
    /usr/lib/ruby/gems/1.8/gems/actionpack-2.0.2/lib/action_controller/dispatcher.rb:170:in `handle_request'
    /usr/lib/ruby/gems/1.8/gems/actionpack-2.0.2/lib/action_controller/dispatcher.rb:115:in `dispatch'
    /usr/lib/ruby/gems/1.8/gems/actionpack-2.0.2/lib/action_controller/dispatcher.rb:126:in `dispatch_cgi'
    /usr/lib/ruby/gems/1.8/gems/actionpack-2.0.2/lib/action_controller/dispatcher.rb:9:in `dispatch'
    /usr/lib/ruby/gems/1.8/gems/mongrel-1.1.1/bin/../lib/mongrel/rails.rb:76:in `process'
    /usr/lib/ruby/gems/1.8/gems/mongrel-1.1.1/bin/../lib/mongrel/rails.rb:74:in `synchronize'
    /usr/lib/ruby/gems/1.8/gems/mongrel-1.1.1/bin/../lib/mongrel/rails.rb:74:in `process'
    /usr/lib/ruby/gems/1.8/gems/mongrel-1.1.1/lib/mongrel.rb:155:in `process_client'
    /usr/lib/ruby/gems/1.8/gems/mongrel-1.1.1/lib/mongrel.rb:154:in `each'
    /usr/lib/ruby/gems/1.8/gems/mongrel-1.1.1/lib/mongrel.rb:154:in `process_client'
    /usr/lib/ruby/gems/1.8/gems/mongrel-1.1.1/lib/mongrel.rb:281:in `run'
    /usr/lib/ruby/gems/1.8/gems/mongrel-1.1.1/lib/mongrel.rb:281:in `initialize'
    /usr/lib/ruby/gems/1.8/gems/mongrel-1.1.1/lib/mongrel.rb:281:in `new'
    /usr/lib/ruby/gems/1.8/gems/mongrel-1.1.1/lib/mongrel.rb:281:in `run'
    /usr/lib/ruby/gems/1.8/gems/mongrel-1.1.1/lib/mongrel.rb:264:in `initialize'
    /usr/lib/ruby/gems/1.8/gems/mongrel-1.1.1/lib/mongrel.rb:264:in `new'
    /usr/lib/ruby/gems/1.8/gems/mongrel-1.1.1/lib/mongrel.rb:264:in `run'
    /usr/lib/ruby/gems/1.8/gems/mongrel-1.1.1/lib/mongrel/configurator.rb:282:in `run'
    /usr/lib/ruby/gems/1.8/gems/mongrel-1.1.1/lib/mongrel/configurator.rb:281:in `each'
    /usr/lib/ruby/gems/1.8/gems/mongrel-1.1.1/lib/mongrel/configurator.rb:281:in `run'
    /usr/lib/ruby/gems/1.8/gems/mongrel-1.1.1/bin/mongrel_rails:128:in `run'
    /usr/lib/ruby/gems/1.8/gems/mongrel-1.1.1/lib/mongrel/command.rb:212:in `run'
    /usr/lib/ruby/gems/1.8/gems/mongrel-1.1.1/bin/mongrel_rails:281
    /usr/lib/ruby/gems/1.8/gems/activesupport-2.0.2/lib/active_support/dependencies.rb:489:in `load'
    /usr/lib/ruby/gems/1.8/gems/activesupport-2.0.2/lib/active_support/dependencies.rb:489:in `load'
    /usr/lib/ruby/gems/1.8/gems/activesupport-2.0.2/lib/active_support/dependencies.rb:342:in `new_constants_in'
    /usr/lib/ruby/gems/1.8/gems/activesupport-2.0.2/lib/active_support/dependencies.rb:489:in `load'
    /usr/lib/ruby/gems/1.8/gems/rails-2.0.2/lib/commands/servers/mongrel.rb:64
    /usr/local/lib/site_ruby/1.8/rubygems/custom_require.rb:27:in `gem_original_require'
    /usr/local/lib/site_ruby/1.8/rubygems/custom_require.rb:27:in `require'
    /usr/lib/ruby/gems/1.8/gems/activesupport-2.0.2/lib/active_support/dependencies.rb:496:in `require'
    /usr/lib/ruby/gems/1.8/gems/activesupport-2.0.2/lib/active_support/dependencies.rb:342:in `new_constants_in'
    /usr/lib/ruby/gems/1.8/gems/activesupport-2.0.2/lib/active_support/dependencies.rb:496:in `require'
    /usr/lib/ruby/gems/1.8/gems/rails-2.0.2/lib/commands/server.rb:39
    /usr/local/lib/site_ruby/1.8/rubygems/custom_require.rb:27:in `gem_original_require'
    /usr/local/lib/site_ruby/1.8/rubygems/custom_require.rb:27:in `require'
    script/server:3

Rendering /usr/lib/ruby/gems/1.8/gems/actionpack-2.0.2/lib/action_controller/templates/rescues/layout.erb (not_found)


Processing ApplicationController#index (for 127.0.0.1 at 2008-03-18 16:04:14) [GET]
  Session ID: BAh7CToMY3NyZl9pZCIlMWRlY2IwNGE1M2YyNTFkMmU2YzE1MTRlM2FkNWFj%0AOTU6DnJldHVybl90bzA6CXVzZXJpBBmhCD0iCmZsYXNoSUM6J0FjdGlvbkNv%0AbnRyb2xsZXI6OkZsYXNoOjpGbGFzaEhhc2h7AAY6CkB1c2VkewA%3D--bc5365989ecd163422d731d66a885ae49af4c039
  Parameters: {}


ActionController::RoutingError (No route matches "/javascripts/slider.js" with {:method=>:get}):
    /usr/lib/ruby/gems/1.8/gems/actionpack-2.0.2/lib/action_controller/routing.rb:1441:in `recognize_path'
    /usr/lib/ruby/gems/1.8/gems/actionpack-2.0.2/lib/action_controller/routing.rb:1424:in `recognize'
    /usr/lib/ruby/gems/1.8/gems/actionpack-2.0.2/lib/action_controller/dispatcher.rb:170:in `handle_request'
    /usr/lib/ruby/gems/1.8/gems/actionpack-2.0.2/lib/action_controller/dispatcher.rb:115:in `dispatch'
    /usr/lib/ruby/gems/1.8/gems/actionpack-2.0.2/lib/action_controller/dispatcher.rb:126:in `dispatch_cgi'
    /usr/lib/ruby/gems/1.8/gems/actionpack-2.0.2/lib/action_controller/dispatcher.rb:9:in `dispatch'
    /usr/lib/ruby/gems/1.8/gems/mongrel-1.1.1/bin/../lib/mongrel/rails.rb:76:in `process'
    /usr/lib/ruby/gems/1.8/gems/mongrel-1.1.1/bin/../lib/mongrel/rails.rb:74:in `synchronize'
    /usr/lib/ruby/gems/1.8/gems/mongrel-1.1.1/bin/../lib/mongrel/rails.rb:74:in `process'
    /usr/lib/ruby/gems/1.8/gems/mongrel-1.1.1/lib/mongrel.rb:155:in `process_client'
    /usr/lib/ruby/gems/1.8/gems/mongrel-1.1.1/lib/mongrel.rb:154:in `each'
    /usr/lib/ruby/gems/1.8/gems/mongrel-1.1.1/lib/mongrel.rb:154:in `process_client'
    /usr/lib/ruby/gems/1.8/gems/mongrel-1.1.1/lib/mongrel.rb:281:in `run'
    /usr/lib/ruby/gems/1.8/gems/mongrel-1.1.1/lib/mongrel.rb:281:in `initialize'
    /usr/lib/ruby/gems/1.8/gems/mongrel-1.1.1/lib/mongrel.rb:281:in `new'
    /usr/lib/ruby/gems/1.8/gems/mongrel-1.1.1/lib/mongrel.rb:281:in `run'
    /usr/lib/ruby/gems/1.8/gems/mongrel-1.1.1/lib/mongrel.rb:264:in `initialize'
    /usr/lib/ruby/gems/1.8/gems/mongrel-1.1.1/lib/mongrel.rb:264:in `new'
    /usr/lib/ruby/gems/1.8/gems/mongrel-1.1.1/lib/mongrel.rb:264:in `run'
    /usr/lib/ruby/gems/1.8/gems/mongrel-1.1.1/lib/mongrel/configurator.rb:282:in `run'
    /usr/lib/ruby/gems/1.8/gems/mongrel-1.1.1/lib/mongrel/configurator.rb:281:in `each'
    /usr/lib/ruby/gems/1.8/gems/mongrel-1.1.1/lib/mongrel/configurator.rb:281:in `run'
    /usr/lib/ruby/gems/1.8/gems/mongrel-1.1.1/bin/mongrel_rails:128:in `run'
    /usr/lib/ruby/gems/1.8/gems/mongrel-1.1.1/lib/mongrel/command.rb:212:in `run'
    /usr/lib/ruby/gems/1.8/gems/mongrel-1.1.1/bin/mongrel_rails:281
    /usr/lib/ruby/gems/1.8/gems/activesupport-2.0.2/lib/active_support/dependencies.rb:489:in `load'
    /usr/lib/ruby/gems/1.8/gems/activesupport-2.0.2/lib/active_support/dependencies.rb:489:in `load'
    /usr/lib/ruby/gems/1.8/gems/activesupport-2.0.2/lib/active_support/dependencies.rb:342:in `new_constants_in'
    /usr/lib/ruby/gems/1.8/gems/activesupport-2.0.2/lib/active_support/dependencies.rb:489:in `load'
    /usr/lib/ruby/gems/1.8/gems/rails-2.0.2/lib/commands/servers/mongrel.rb:64
    /usr/local/lib/site_ruby/1.8/rubygems/custom_require.rb:27:in `gem_original_require'
    /usr/local/lib/site_ruby/1.8/rubygems/custom_require.rb:27:in `require'
    /usr/lib/ruby/gems/1.8/gems/activesupport-2.0.2/lib/active_support/dependencies.rb:496:in `require'
    /usr/lib/ruby/gems/1.8/gems/activesupport-2.0.2/lib/active_support/dependencies.rb:342:in `new_constants_in'
    /usr/lib/ruby/gems/1.8/gems/activesupport-2.0.2/lib/active_support/dependencies.rb:496:in `require'
    /usr/lib/ruby/gems/1.8/gems/rails-2.0.2/lib/commands/server.rb:39
    /usr/local/lib/site_ruby/1.8/rubygems/custom_require.rb:27:in `gem_original_require'
    /usr/local/lib/site_ruby/1.8/rubygems/custom_require.rb:27:in `require'
    script/server:3

Rendering /usr/lib/ruby/gems/1.8/gems/actionpack-2.0.2/lib/action_controller/templates/rescues/layout.erb (not_found)


Processing ApplicationController#index (for 127.0.0.1 at 2008-03-18 16:04:14) [GET]
  Session ID: BAh7CToMY3NyZl9pZCIlMWRlY2IwNGE1M2YyNTFkMmU2YzE1MTRlM2FkNWFj%0AOTU6CXVzZXJpBBmhCD06DnJldHVybl90bzAiCmZsYXNoSUM6J0FjdGlvbkNv%0AbnRyb2xsZXI6OkZsYXNoOjpGbGFzaEhhc2h7AAY6CkB1c2VkewA%3D--f491862f43fdd4447f769b1358c3c387a89df586
  Parameters: {}


ActionController::RoutingError (No route matches "/javascripts/sound.js" with {:method=>:get}):
    /usr/lib/ruby/gems/1.8/gems/actionpack-2.0.2/lib/action_controller/routing.rb:1441:in `recognize_path'
    /usr/lib/ruby/gems/1.8/gems/actionpack-2.0.2/lib/action_controller/routing.rb:1424:in `recognize'
    /usr/lib/ruby/gems/1.8/gems/actionpack-2.0.2/lib/action_controller/dispatcher.rb:170:in `handle_request'
    /usr/lib/ruby/gems/1.8/gems/actionpack-2.0.2/lib/action_controller/dispatcher.rb:115:in `dispatch'
    /usr/lib/ruby/gems/1.8/gems/actionpack-2.0.2/lib/action_controller/dispatcher.rb:126:in `dispatch_cgi'
    /usr/lib/ruby/gems/1.8/gems/actionpack-2.0.2/lib/action_controller/dispatcher.rb:9:in `dispatch'
    /usr/lib/ruby/gems/1.8/gems/mongrel-1.1.1/bin/../lib/mongrel/rails.rb:76:in `process'
    /usr/lib/ruby/gems/1.8/gems/mongrel-1.1.1/bin/../lib/mongrel/rails.rb:74:in `synchronize'
    /usr/lib/ruby/gems/1.8/gems/mongrel-1.1.1/bin/../lib/mongrel/rails.rb:74:in `process'
    /usr/lib/ruby/gems/1.8/gems/mongrel-1.1.1/lib/mongrel.rb:155:in `process_client'
    /usr/lib/ruby/gems/1.8/gems/mongrel-1.1.1/lib/mongrel.rb:154:in `each'
    /usr/lib/ruby/gems/1.8/gems/mongrel-1.1.1/lib/mongrel.rb:154:in `process_client'
    /usr/lib/ruby/gems/1.8/gems/mongrel-1.1.1/lib/mongrel.rb:281:in `run'
    /usr/lib/ruby/gems/1.8/gems/mongrel-1.1.1/lib/mongrel.rb:281:in `initialize'
    /usr/lib/ruby/gems/1.8/gems/mongrel-1.1.1/lib/mongrel.rb:281:in `new'
    /usr/lib/ruby/gems/1.8/gems/mongrel-1.1.1/lib/mongrel.rb:281:in `run'
    /usr/lib/ruby/gems/1.8/gems/mongrel-1.1.1/lib/mongrel.rb:264:in `initialize'
    /usr/lib/ruby/gems/1.8/gems/mongrel-1.1.1/lib/mongrel.rb:264:in `new'
    /usr/lib/ruby/gems/1.8/gems/mongrel-1.1.1/lib/mongrel.rb:264:in `run'
    /usr/lib/ruby/gems/1.8/gems/mongrel-1.1.1/lib/mongrel/configurator.rb:282:in `run'
    /usr/lib/ruby/gems/1.8/gems/mongrel-1.1.1/lib/mongrel/configurator.rb:281:in `each'
    /usr/lib/ruby/gems/1.8/gems/mongrel-1.1.1/lib/mongrel/configurator.rb:281:in `run'
    /usr/lib/ruby/gems/1.8/gems/mongrel-1.1.1/bin/mongrel_rails:128:in `run'
    /usr/lib/ruby/gems/1.8/gems/mongrel-1.1.1/lib/mongrel/command.rb:212:in `run'
    /usr/lib/ruby/gems/1.8/gems/mongrel-1.1.1/bin/mongrel_rails:281
    /usr/lib/ruby/gems/1.8/gems/activesupport-2.0.2/lib/active_support/dependencies.rb:489:in `load'
    /usr/lib/ruby/gems/1.8/gems/activesupport-2.0.2/lib/active_support/dependencies.rb:489:in `load'
    /usr/lib/ruby/gems/1.8/gems/activesupport-2.0.2/lib/active_support/dependencies.rb:342:in `new_constants_in'
    /usr/lib/ruby/gems/1.8/gems/activesupport-2.0.2/lib/active_support/dependencies.rb:489:in `load'
    /usr/lib/ruby/gems/1.8/gems/rails-2.0.2/lib/commands/servers/mongrel.rb:64
    /usr/local/lib/site_ruby/1.8/rubygems/custom_require.rb:27:in `gem_original_require'
    /usr/local/lib/site_ruby/1.8/rubygems/custom_require.rb:27:in `require'
    /usr/lib/ruby/gems/1.8/gems/activesupport-2.0.2/lib/active_support/dependencies.rb:496:in `require'
    /usr/lib/ruby/gems/1.8/gems/activesupport-2.0.2/lib/active_support/dependencies.rb:342:in `new_constants_in'
    /usr/lib/ruby/gems/1.8/gems/activesupport-2.0.2/lib/active_support/dependencies.rb:496:in `require'
    /usr/lib/ruby/gems/1.8/gems/rails-2.0.2/lib/commands/server.rb:39
    /usr/local/lib/site_ruby/1.8/rubygems/custom_require.rb:27:in `gem_original_require'
    /usr/local/lib/site_ruby/1.8/rubygems/custom_require.rb:27:in `require'
    script/server:3

Rendering /usr/lib/ruby/gems/1.8/gems/actionpack-2.0.2/lib/action_controller/templates/rescues/layout.erb (not_found)
